<?xml version="1.0" encoding="UTF-8"?>
<coverage generated="1668712772312" clover="3.2.0">
  <project timestamp="1668712772312" name="All files">
    <metrics statements="36" coveredstatements="35" conditionals="10" coveredconditionals="10" methods="20" coveredmethods="19" elements="66" coveredelements="64" complexity="0" loc="36" ncloc="36" packages="2" files="5" classes="5"/>
    <package name="classes">
      <metrics statements="20" coveredstatements="20" conditionals="10" coveredconditionals="10" methods="12" coveredmethods="12"/>
      <file name="Carrito.js" path="C:\Users\Usuario\Documents\IVAN\Bootcamp\801-TDD\repo-ivan\classes\Carrito.js">
        <metrics statements="16" coveredstatements="16" conditionals="10" coveredconditionals="10" methods="8" coveredmethods="8"/>
        <line num="1" count="1" type="stmt"/>
        <line num="3" count="16" type="stmt"/>
        <line num="7" count="2" type="stmt"/>
        <line num="11" count="27" type="stmt"/>
        <line num="12" count="22" type="stmt"/>
        <line num="13" count="22" type="stmt"/>
        <line num="14" count="22" type="stmt"/>
        <line num="15" count="22" type="stmt"/>
        <line num="19" count="27" type="cond" truecount="4" falsecount="0"/>
        <line num="20" count="1" type="stmt"/>
        <line num="21" count="26" type="cond" truecount="2" falsecount="0"/>
        <line num="22" count="3" type="stmt"/>
        <line num="24" count="23" type="cond" truecount="4" falsecount="0"/>
        <line num="25" count="1" type="stmt"/>
        <line num="29" count="5" type="stmt"/>
        <line num="33" count="8" type="stmt"/>
      </file>
      <file name="Users.js" path="C:\Users\Usuario\Documents\IVAN\Bootcamp\801-TDD\repo-ivan\classes\Users.js">
        <metrics statements="4" coveredstatements="4" conditionals="0" coveredconditionals="0" methods="4" coveredmethods="4"/>
        <line num="3" count="1" type="stmt"/>
        <line num="7" count="1" type="stmt"/>
        <line num="11" count="1" type="stmt"/>
        <line num="15" count="1" type="stmt"/>
      </file>
    </package>
    <package name="demos">
      <metrics statements="16" coveredstatements="15" conditionals="0" coveredconditionals="0" methods="8" coveredmethods="7"/>
      <file name="promises.js" path="C:\Users\Usuario\Documents\IVAN\Bootcamp\801-TDD\repo-ivan\demos\promises.js">
        <metrics statements="8" coveredstatements="7" conditionals="0" coveredconditionals="0" methods="3" coveredmethods="2"/>
        <line num="3" count="1" type="stmt"/>
        <line num="5" count="1" type="stmt"/>
        <line num="6" count="2" type="stmt"/>
        <line num="9" count="1" type="stmt"/>
        <line num="10" count="2" type="stmt"/>
        <line num="13" count="1" type="stmt"/>
        <line num="14" count="0" type="stmt"/>
        <line num="18" count="1" type="stmt"/>
      </file>
      <file name="statistics.js" path="C:\Users\Usuario\Documents\IVAN\Bootcamp\801-TDD\repo-ivan\demos\statistics.js">
        <metrics statements="6" coveredstatements="6" conditionals="0" coveredconditionals="0" methods="4" coveredmethods="4"/>
        <line num="2" count="1" type="stmt"/>
        <line num="3" count="35" type="stmt"/>
        <line num="6" count="1" type="stmt"/>
        <line num="7" count="2" type="stmt"/>
        <line num="8" count="7" type="stmt"/>
        <line num="9" count="2" type="stmt"/>
      </file>
      <file name="suma.js" path="C:\Users\Usuario\Documents\IVAN\Bootcamp\801-TDD\repo-ivan\demos\suma.js">
        <metrics statements="2" coveredstatements="2" conditionals="0" coveredconditionals="0" methods="1" coveredmethods="1"/>
        <line num="2" count="4" type="stmt"/>
        <line num="4" count="1" type="stmt"/>
      </file>
    </package>
  </project>
</coverage>
