<?xml version="1.0" encoding="UTF-8"?>
<coverage generated="1668551710961" clover="3.2.0">
  <project timestamp="1668551710961" name="All files">
    <metrics statements="26" coveredstatements="26" conditionals="6" coveredconditionals="6" methods="14" coveredmethods="14" elements="46" coveredelements="46" complexity="0" loc="26" ncloc="26" packages="2" files="5" classes="5"/>
    <package name="classes">
      <metrics statements="12" coveredstatements="12" conditionals="6" coveredconditionals="6" methods="7" coveredmethods="7"/>
      <file name="Carrito.js" path="/var/www/html/Bootcamp/801-Testing-JS/repo-ivan/classes/Carrito.js">
        <metrics statements="9" coveredstatements="9" conditionals="6" coveredconditionals="6" methods="5" coveredmethods="5"/>
        <line num="1" count="1" type="stmt"/>
        <line num="4" count="10" type="stmt"/>
        <line num="8" count="2" type="stmt"/>
        <line num="12" count="17" type="cond" truecount="4" falsecount="0"/>
        <line num="13" count="1" type="stmt"/>
        <line num="14" count="16" type="cond" truecount="2" falsecount="0"/>
        <line num="15" count="3" type="stmt"/>
        <line num="17" count="13" type="stmt"/>
        <line num="21" count="8" type="stmt"/>
      </file>
      <file name="Users.js" path="/var/www/html/Bootcamp/801-Testing-JS/repo-ivan/classes/Users.js">
        <metrics statements="3" coveredstatements="3" conditionals="0" coveredconditionals="0" methods="2" coveredmethods="2"/>
        <line num="3" count="1" type="stmt"/>
        <line num="7" count="1" type="stmt"/>
        <line num="11" count="1" type="stmt"/>
      </file>
    </package>
    <package name="demos">
      <metrics statements="14" coveredstatements="14" conditionals="0" coveredconditionals="0" methods="7" coveredmethods="7"/>
      <file name="promises.js" path="/var/www/html/Bootcamp/801-Testing-JS/repo-ivan/demos/promises.js">
        <metrics statements="6" coveredstatements="6" conditionals="0" coveredconditionals="0" methods="2" coveredmethods="2"/>
        <line num="3" count="1" type="stmt"/>
        <line num="5" count="1" type="stmt"/>
        <line num="6" count="2" type="stmt"/>
        <line num="9" count="1" type="stmt"/>
        <line num="10" count="2" type="stmt"/>
        <line num="13" count="1" type="stmt"/>
      </file>
      <file name="statistics.js" path="/var/www/html/Bootcamp/801-Testing-JS/repo-ivan/demos/statistics.js">
        <metrics statements="6" coveredstatements="6" conditionals="0" coveredconditionals="0" methods="4" coveredmethods="4"/>
        <line num="1" count="1" type="stmt"/>
        <line num="2" count="29" type="stmt"/>
        <line num="5" count="1" type="stmt"/>
        <line num="6" count="2" type="stmt"/>
        <line num="7" count="7" type="stmt"/>
        <line num="8" count="2" type="stmt"/>
      </file>
      <file name="suma.js" path="/var/www/html/Bootcamp/801-Testing-JS/repo-ivan/demos/suma.js">
        <metrics statements="2" coveredstatements="2" conditionals="0" coveredconditionals="0" methods="1" coveredmethods="1"/>
        <line num="2" count="1" type="stmt"/>
        <line num="4" count="1" type="stmt"/>
      </file>
    </package>
  </project>
</coverage>
