{"C:\\Users\\Usuario\\Documents\\IVAN\\Bootcamp\\801-TDD\\repo-ivan\\classes\\Carrito.js": {"path":"C:\\Users\\Usuario\\Documents\\IVAN\\Bootcamp\\801-TDD\\repo-ivan\\classes\\Carrito.js","statementMap":{"0":{"start":{"line":1,"column":0},"end":{"line":35,"column":2}},"1":{"start":{"line":3,"column":4},"end":{"line":3,"column":20}},"2":{"start":{"line":7,"column":4},"end":{"line":7,"column":29}},"3":{"start":{"line":11,"column":4},"end":{"line":11,"column":25}},"4":{"start":{"line":12,"column":15},"end":{"line":12,"column":49}},"5":{"start":{"line":13,"column":22},"end":{"line":13,"column":37}},"6":{"start":{"line":14,"column":4},"end":{"line":14,"column":31}},"7":{"start":{"line":15,"column":4},"end":{"line":15,"column":21}},"8":{"start":{"line":19,"column":4},"end":{"line":23,"column":5}},"9":{"start":{"line":20,"column":6},"end":{"line":20,"column":56}},"10":{"start":{"line":21,"column":11},"end":{"line":23,"column":5}},"11":{"start":{"line":22,"column":6},"end":{"line":22,"column":43}},"12":{"start":{"line":24,"column":4},"end":{"line":26,"column":5}},"13":{"start":{"line":25,"column":6},"end":{"line":25,"column":58}},"14":{"start":{"line":29,"column":4},"end":{"line":29,"column":66}},"15":{"start":{"line":29,"column":45},"end":{"line":29,"column":64}},"16":{"start":{"line":33,"column":4},"end":{"line":33,"column":67}},"17":{"start":{"line":33,"column":45},"end":{"line":33,"column":62}}},"fnMap":{"0":{"name":"(anonymous_0)","decl":{"start":{"line":2,"column":2},"end":{"line":2,"column":3}},"loc":{"start":{"line":2,"column":16},"end":{"line":4,"column":3}},"line":2},"1":{"name":"(anonymous_1)","decl":{"start":{"line":6,"column":2},"end":{"line":6,"column":3}},"loc":{"start":{"line":6,"column":18},"end":{"line":8,"column":3}},"line":6},"2":{"name":"(anonymous_2)","decl":{"start":{"line":10,"column":2},"end":{"line":10,"column":3}},"loc":{"start":{"line":10,"column":16},"end":{"line":16,"column":3}},"line":10},"3":{"name":"(anonymous_3)","decl":{"start":{"line":18,"column":2},"end":{"line":18,"column":3}},"loc":{"start":{"line":18,"column":18},"end":{"line":27,"column":3}},"line":18},"4":{"name":"(anonymous_4)","decl":{"start":{"line":28,"column":2},"end":{"line":28,"column":3}},"loc":{"start":{"line":28,"column":19},"end":{"line":30,"column":3}},"line":28},"5":{"name":"(anonymous_5)","decl":{"start":{"line":29,"column":35},"end":{"line":29,"column":36}},"loc":{"start":{"line":29,"column":45},"end":{"line":29,"column":64}},"line":29},"6":{"name":"(anonymous_6)","decl":{"start":{"line":32,"column":2},"end":{"line":32,"column":3}},"loc":{"start":{"line":32,"column":21},"end":{"line":34,"column":3}},"line":32},"7":{"name":"(anonymous_7)","decl":{"start":{"line":33,"column":29},"end":{"line":33,"column":30}},"loc":{"start":{"line":33,"column":45},"end":{"line":33,"column":62}},"line":33}},"branchMap":{"0":{"loc":{"start":{"line":19,"column":4},"end":{"line":23,"column":5}},"type":"if","locations":[{"start":{"line":19,"column":4},"end":{"line":23,"column":5}},{"start":{"line":21,"column":11},"end":{"line":23,"column":5}}],"line":19},"1":{"loc":{"start":{"line":19,"column":8},"end":{"line":19,"column":66}},"type":"binary-expr","locations":[{"start":{"line":19,"column":8},"end":{"line":19,"column":32}},{"start":{"line":19,"column":36},"end":{"line":19,"column":66}}],"line":19},"2":{"loc":{"start":{"line":21,"column":11},"end":{"line":23,"column":5}},"type":"if","locations":[{"start":{"line":21,"column":11},"end":{"line":23,"column":5}},{"start":{},"end":{}}],"line":21},"3":{"loc":{"start":{"line":24,"column":4},"end":{"line":26,"column":5}},"type":"if","locations":[{"start":{"line":24,"column":4},"end":{"line":26,"column":5}},{"start":{},"end":{}}],"line":24},"4":{"loc":{"start":{"line":24,"column":8},"end":{"line":24,"column":33}},"type":"binary-expr","locations":[{"start":{"line":24,"column":8},"end":{"line":24,"column":19}},{"start":{"line":24,"column":23},"end":{"line":24,"column":33}}],"line":24}},"s":{"0":1,"1":16,"2":2,"3":27,"4":22,"5":22,"6":22,"7":22,"8":27,"9":1,"10":26,"11":3,"12":23,"13":1,"14":3,"15":5,"16":4,"17":8},"f":{"0":16,"1":2,"2":27,"3":27,"4":3,"5":5,"6":4,"7":8},"b":{"0":[1,26],"1":[27,24],"2":[3,23],"3":[1,22],"4":[23,22]},"_coverageSchema":"1a1c01bbd47fc00a2c39e90264f33305004495a9","hash":"d262d05cbd5e95ba9fa30fcc7f8984edadac0ee0"}
,"C:\\Users\\Usuario\\Documents\\IVAN\\Bootcamp\\801-TDD\\repo-ivan\\classes\\Users.js": {"path":"C:\\Users\\Usuario\\Documents\\IVAN\\Bootcamp\\801-TDD\\repo-ivan\\classes\\Users.js","statementMap":{"0":{"start":{"line":3,"column":17},"end":{"line":3,"column":55}},"1":{"start":{"line":7,"column":4},"end":{"line":7,"column":76}},"2":{"start":{"line":7,"column":61},"end":{"line":7,"column":74}},"3":{"start":{"line":11,"column":4},"end":{"line":11,"column":77}},"4":{"start":{"line":11,"column":62},"end":{"line":11,"column":75}},"5":{"start":{"line":15,"column":0},"end":{"line":15,"column":23}}},"fnMap":{"0":{"name":"(anonymous_0)","decl":{"start":{"line":6,"column":2},"end":{"line":6,"column":3}},"loc":{"start":{"line":6,"column":15},"end":{"line":8,"column":3}},"line":6},"1":{"name":"(anonymous_1)","decl":{"start":{"line":7,"column":47},"end":{"line":7,"column":48}},"loc":{"start":{"line":7,"column":61},"end":{"line":7,"column":74}},"line":7},"2":{"name":"(anonymous_2)","decl":{"start":{"line":10,"column":2},"end":{"line":10,"column":3}},"loc":{"start":{"line":10,"column":18},"end":{"line":12,"column":3}},"line":10},"3":{"name":"(anonymous_3)","decl":{"start":{"line":11,"column":48},"end":{"line":11,"column":49}},"loc":{"start":{"line":11,"column":62},"end":{"line":11,"column":75}},"line":11}},"branchMap":{},"s":{"0":1,"1":1,"2":1,"3":1,"4":1,"5":1},"f":{"0":1,"1":1,"2":1,"3":1},"b":{},"_coverageSchema":"1a1c01bbd47fc00a2c39e90264f33305004495a9","hash":"a7a48b2b78b36298d45e0c0e9707f31d13e8d275"}
,"C:\\Users\\Usuario\\Documents\\IVAN\\Bootcamp\\801-TDD\\repo-ivan\\demos\\promises.js": {"path":"C:\\Users\\Usuario\\Documents\\IVAN\\Bootcamp\\801-TDD\\repo-ivan\\demos\\promises.js","statementMap":{"0":{"start":{"line":3,"column":17},"end":{"line":3,"column":38}},"1":{"start":{"line":5,"column":26},"end":{"line":7,"column":1}},"2":{"start":{"line":6,"column":4},"end":{"line":6,"column":46}},"3":{"start":{"line":9,"column":22},"end":{"line":11,"column":1}},"4":{"start":{"line":10,"column":4},"end":{"line":10,"column":46}},"5":{"start":{"line":13,"column":22},"end":{"line":15,"column":1}},"6":{"start":{"line":14,"column":4},"end":{"line":14,"column":51}},"7":{"start":{"line":18,"column":0},"end":{"line":22,"column":1}}},"fnMap":{"0":{"name":"(anonymous_0)","decl":{"start":{"line":5,"column":26},"end":{"line":5,"column":27}},"loc":{"start":{"line":5,"column":32},"end":{"line":7,"column":1}},"line":5},"1":{"name":"(anonymous_1)","decl":{"start":{"line":9,"column":22},"end":{"line":9,"column":23}},"loc":{"start":{"line":9,"column":28},"end":{"line":11,"column":1}},"line":9},"2":{"name":"(anonymous_2)","decl":{"start":{"line":13,"column":22},"end":{"line":13,"column":23}},"loc":{"start":{"line":13,"column":28},"end":{"line":15,"column":1}},"line":13}},"branchMap":{},"s":{"0":1,"1":1,"2":2,"3":1,"4":2,"5":1,"6":0,"7":1},"f":{"0":2,"1":2,"2":0},"b":{},"_coverageSchema":"1a1c01bbd47fc00a2c39e90264f33305004495a9","hash":"07f9c1037fd36e376d8e4820f7f069c8effac10f"}
,"C:\\Users\\Usuario\\Documents\\IVAN\\Bootcamp\\801-TDD\\repo-ivan\\demos\\statistics.js": {"path":"C:\\Users\\Usuario\\Documents\\IVAN\\Bootcamp\\801-TDD\\repo-ivan\\demos\\statistics.js","statementMap":{"0":{"start":{"line":2,"column":19},"end":{"line":4,"column":1}},"1":{"start":{"line":3,"column":4},"end":{"line":3,"column":72}},"2":{"start":{"line":3,"column":41},"end":{"line":3,"column":52}},"3":{"start":{"line":6,"column":22},"end":{"line":10,"column":1}},"4":{"start":{"line":7,"column":17},"end":{"line":7,"column":27}},"5":{"start":{"line":8,"column":20},"end":{"line":8,"column":60}},"6":{"start":{"line":8,"column":36},"end":{"line":8,"column":59}},"7":{"start":{"line":9,"column":4},"end":{"line":9,"column":35}}},"fnMap":{"0":{"name":"(anonymous_0)","decl":{"start":{"line":2,"column":19},"end":{"line":2,"column":20}},"loc":{"start":{"line":2,"column":35},"end":{"line":4,"column":1}},"line":2},"1":{"name":"(anonymous_1)","decl":{"start":{"line":3,"column":24},"end":{"line":3,"column":25}},"loc":{"start":{"line":3,"column":41},"end":{"line":3,"column":52}},"line":3},"2":{"name":"(anonymous_2)","decl":{"start":{"line":6,"column":22},"end":{"line":6,"column":23}},"loc":{"start":{"line":6,"column":38},"end":{"line":10,"column":1}},"line":6},"3":{"name":"(anonymous_3)","decl":{"start":{"line":8,"column":30},"end":{"line":8,"column":31}},"loc":{"start":{"line":8,"column":36},"end":{"line":8,"column":59}},"line":8}},"branchMap":{},"s":{"0":1,"1":14,"2":35,"3":1,"4":2,"5":2,"6":7,"7":2},"f":{"0":14,"1":35,"2":2,"3":7},"b":{},"_coverageSchema":"1a1c01bbd47fc00a2c39e90264f33305004495a9","hash":"17ddf0e6af43177cf6cf94510a3e5aaed7e4abda"}
,"C:\\Users\\Usuario\\Documents\\IVAN\\Bootcamp\\801-TDD\\repo-ivan\\demos\\suma.js": {"path":"C:\\Users\\Usuario\\Documents\\IVAN\\Bootcamp\\801-TDD\\repo-ivan\\demos\\suma.js","statementMap":{"0":{"start":{"line":2,"column":4},"end":{"line":2,"column":17}},"1":{"start":{"line":4,"column":0},"end":{"line":4,"column":22}}},"fnMap":{"0":{"name":"suma","decl":{"start":{"line":1,"column":9},"end":{"line":1,"column":13}},"loc":{"start":{"line":1,"column":20},"end":{"line":3,"column":1}},"line":1}},"branchMap":{},"s":{"0":4,"1":1},"f":{"0":4},"b":{},"_coverageSchema":"1a1c01bbd47fc00a2c39e90264f33305004495a9","hash":"9c98a6eb0a9e1f63ca2a04666fa8263f998899e7"}
}
