TN:
SF:classes/Carrito.js
FN:3,(anonymous_0)
FN:7,(anonymous_1)
FN:11,(anonymous_2)
FN:20,(anonymous_3)
FN:21,(anonymous_4)
FNF:5
FNH:5
FNDA:10,(anonymous_0)
FNDA:2,(anonymous_1)
FNDA:17,(anonymous_2)
FNDA:4,(anonymous_3)
FNDA:8,(anonymous_4)
DA:1,1
DA:4,10
DA:8,2
DA:12,17
DA:13,1
DA:14,16
DA:15,3
DA:17,13
DA:21,8
LF:9
LH:9
BRDA:12,0,0,1
BRDA:12,0,1,16
BRDA:12,1,0,17
BRDA:12,1,1,14
BRDA:14,2,0,3
BRDA:14,2,1,13
BRF:6
BRH:6
end_of_record
TN:
SF:demos/statistics.js
FN:1,(anonymous_0)
FN:2,(anonymous_1)
FN:5,(anonymous_2)
FN:7,(anonymous_3)
FNF:4
FNH:4
FNDA:11,(anonymous_0)
FNDA:29,(anonymous_1)
FNDA:2,(anonymous_2)
FNDA:7,(anonymous_3)
DA:1,1
DA:2,29
DA:5,1
DA:6,2
DA:7,7
DA:8,2
LF:6
LH:6
BRF:0
BRH:0
end_of_record
TN:
SF:demos/suma.js
FN:1,suma
FNF:1
FNH:1
FNDA:1,suma
DA:2,1
DA:4,1
LF:2
LH:2
BRF:0
BRH:0
end_of_record
