TN:
SF:classes\Carrito.js
FN:2,(anonymous_0)
FN:6,(anonymous_1)
FN:10,(anonymous_2)
FN:18,(anonymous_3)
FN:28,(anonymous_4)
FN:29,(anonymous_5)
FN:32,(anonymous_6)
FN:33,(anonymous_7)
FNF:8
FNH:8
FNDA:16,(anonymous_0)
FNDA:2,(anonymous_1)
FNDA:27,(anonymous_2)
FNDA:27,(anonymous_3)
FNDA:3,(anonymous_4)
FNDA:5,(anonymous_5)
FNDA:4,(anonymous_6)
FNDA:8,(anonymous_7)
DA:1,1
DA:3,16
DA:7,2
DA:11,27
DA:12,22
DA:13,22
DA:14,22
DA:15,22
DA:19,27
DA:20,1
DA:21,26
DA:22,3
DA:24,23
DA:25,1
DA:29,5
DA:33,8
LF:16
LH:16
BRDA:19,0,0,1
BRDA:19,0,1,26
BRDA:19,1,0,27
BRDA:19,1,1,24
BRDA:21,2,0,3
BRDA:21,2,1,23
BRDA:24,3,0,1
BRDA:24,3,1,22
BRDA:24,4,0,23
BRDA:24,4,1,22
BRF:10
BRH:10
end_of_record
TN:
SF:classes\Users.js
FN:6,(anonymous_0)
FN:7,(anonymous_1)
FN:10,(anonymous_2)
FN:11,(anonymous_3)
FNF:4
FNH:4
FNDA:1,(anonymous_0)
FNDA:1,(anonymous_1)
FNDA:1,(anonymous_2)
FNDA:1,(anonymous_3)
DA:3,1
DA:7,1
DA:11,1
DA:15,1
LF:4
LH:4
BRF:0
BRH:0
end_of_record
TN:
SF:demos\promises.js
FN:5,(anonymous_0)
FN:9,(anonymous_1)
FN:13,(anonymous_2)
FNF:3
FNH:2
FNDA:2,(anonymous_0)
FNDA:2,(anonymous_1)
FNDA:0,(anonymous_2)
DA:3,1
DA:5,1
DA:6,2
DA:9,1
DA:10,2
DA:13,1
DA:14,0
DA:18,1
LF:8
LH:7
BRF:0
BRH:0
end_of_record
TN:
SF:classes/Users.js
FN:6,(anonymous_0)
FN:7,(anonymous_1)
FNF:2
FNH:2
FNDA:1,(anonymous_0)
FNDA:1,(anonymous_1)
DA:3,1
DA:7,1
DA:11,1
LF:3
LH:3
BRF:0
BRH:0
end_of_record
TN:
SF:demos/promises.js
FN:5,(anonymous_0)
FN:9,(anonymous_1)
FNF:2
FNH:2
FNDA:2,(anonymous_0)
FNDA:2,(anonymous_1)
DA:3,1
DA:5,1
DA:6,2
DA:9,1
DA:10,2
DA:13,1
LF:6
LH:6
BRF:0
BRH:0
end_of_record
TN:
SF:demos/statistics.js
FN:1,(anonymous_0)
FN:2,(anonymous_1)
FN:5,(anonymous_2)
FN:7,(anonymous_3)
FNF:4
FNH:4
FNDA:14,(anonymous_0)
FNDA:35,(anonymous_1)
FNDA:2,(anonymous_2)
FNDA:7,(anonymous_3)
DA:2,1
DA:3,35
DA:6,1
DA:7,2
DA:8,7
DA:9,2
LF:6
LH:6
BRF:0
BRH:0
end_of_record
TN:
SF:demos\suma.js
FN:1,suma
FNF:1
FNH:1
FNDA:4,suma
DA:2,4
DA:4,1
LF:2
LH:2
BRF:0
BRH:0
end_of_record
